<?xml version="1.0" encoding="UTF-8"?>
<!-- Generated by org.testng.reporters.JUnitXMLReporter -->
<testsuite ignored="11" hostname="DESKTOP-FKP06KN" failures="1" tests="5" name="Test" time="0.107" errors="0" timestamp="2024-09-08T21:04:18 IST">
  <testcase classname="Multi.Mul2" name="m2o" time="0.01">
    <failure type="junit.framework.AssertionFailedError">
      <![CDATA[junit.framework.AssertionFailedError
at junit.framework.Assert.fail(Assert.java:47)
at junit.framework.Assert.fail(Assert.java:53)
at Multi.Mul2.m2o(Mul2.java:16)
at java.base/java.util.ArrayList.forEach(ArrayList.java:1596)
... Removed 29 stack frames]]>
    </failure>
  </testcase> <!-- m2o -->
  <testcase classname="Multi.Mul2" name="m50" time="0.004"/>
  <testcase classname="Multi.Mul" name="m2" time="0.001"/>
  <testcase classname="Multi.Mul" name="m5" time="0.001"/>
  <testcase classname="Multi.Mul" name="m9" time="0.002"/>
  <testcase classname="Multi.Mul" name="m8" time="0.0">
    <ignored/>
  </testcase> <!-- m8 -->
  <testcase classname="Multi.Mul2" name="m60" time="0.0">
    <ignored/>
  </testcase> <!-- m60 -->
  <testcase classname="Multi.Mul2" name="m70" time="0.0">
    <ignored/>
  </testcase> <!-- m70 -->
  <testcase classname="Multi.Mul2" name="m40" time="0.0">
    <ignored/>
  </testcase> <!-- m40 -->
  <testcase classname="Multi.Mul2" name="m30" time="0.0">
    <ignored/>
  </testcase> <!-- m30 -->
  <testcase classname="Multi.Mul" name="m1" time="0.0">
    <ignored/>
  </testcase> <!-- m1 -->
  <testcase classname="Multi.Mul" name="m3" time="0.0">
    <ignored/>
  </testcase> <!-- m3 -->
  <testcase classname="Multi.Mul" name="m4" time="0.0">
    <ignored/>
  </testcase> <!-- m4 -->
  <testcase classname="Multi.Mul2" name="m1o" time="0.0">
    <ignored/>
  </testcase> <!-- m1o -->
  <testcase classname="Multi.Mul" name="m6" time="0.0">
    <ignored/>
  </testcase> <!-- m6 -->
  <testcase classname="Multi.Mul" name="m7" time="0.0">
    <ignored/>
  </testcase> <!-- m7 -->
</testsuite> <!-- Test -->
