<?xml version="1.0" encoding="UTF-8"?>
<testng-results ignored="0" total="1" passed="1" failed="0" skipped="0">
  <reporter-output>
  </reporter-output>
  <suite started-at="2024-09-30T13:51:11 IST" name="Default suite" finished-at="2024-09-30T13:51:12 IST" duration-ms="291">
    <groups>
    </groups>
    <test started-at="2024-09-30T13:51:11 IST" name="Default test" finished-at="2024-09-30T13:51:12 IST" duration-ms="291">
      <class name="Multi.Asser">
        <test-method signature="m()[pri:0, instance:Multi.Asser@2631f68c]" started-at="2024-09-30T13:51:11 IST" name="m" finished-at="2024-09-30T13:51:11 IST" duration-ms="109" status="PASS">
          <reporter-output>
          </reporter-output>
        </test-method> <!-- m -->
      </class> <!-- Multi.Asser -->
    </test> <!-- Default test -->
  </suite> <!-- Default suite -->
</testng-results>
